<?xml version="1.0" encoding="UTF-8"?>
<!-- Generated by org.testng.reporters.JUnitReportReporter -->
<testsuite hostname="User" failures="0" tests="2" name="testNGbasics.Annotations" time="0.033" errors="0" timestamp="2023-05-20T19:44:05 EDT" skipped="0">
  <testcase classname="testNGbasics.Annotations" name="test1" time="0.016"/>
  <system-out/>
  <testcase classname="testNGbasics.Annotations" name="test2" time="0.017"/>
  <system-out/>
</testsuite> <!-- testNGbasics.Annotations -->
