<?xml version="1.0" encoding="UTF-8"?>
<!-- Generated by org.testng.reporters.JUnitReportReporter -->
<testsuite hostname="User" failures="0" tests="14" name="testNGbasics.DataDrivenTesting" time="219.751" errors="0" timestamp="2023-05-20T21:05:33 EDT" skipped="0">
  <testcase classname="testNGbasics.DataDrivenTesting" name="positiveSearchFunctionalityUsingSearchBtn" time="19.949"/>
  <system-out/>
  <testcase classname="testNGbasics.DataDrivenTesting" name="positiveSearchFunctionalityUsingSearchBtn" time="13.275"/>
  <system-out/>
  <testcase classname="testNGbasics.DataDrivenTesting" name="positiveSearchFunctionalityUsingSearchBtn" time="16.855"/>
  <system-out/>
  <testcase classname="testNGbasics.DataDrivenTesting" name="positiveSearchFunctionalityUsingSearchBtn" time="16.174"/>
  <system-out/>
  <testcase classname="testNGbasics.DataDrivenTesting" name="positiveSearchFunctionalityUsingEnterKey" time="14.972"/>
  <system-out/>
  <testcase classname="testNGbasics.DataDrivenTesting" name="positiveSearchFunctionalityUsingEnterKey" time="16.337"/>
  <system-out/>
  <testcase classname="testNGbasics.DataDrivenTesting" name="positiveSearchFunctionalityUsingEnterKey" time="12.585"/>
  <system-out/>
  <testcase classname="testNGbasics.DataDrivenTesting" name="positiveSearchFunctionalityUsingEnterKey" time="17.778"/>
  <system-out/>
  <testcase classname="testNGbasics.DataDrivenTesting" name="negativeSearchFunctionalityUsingSearchBtn" time="17.149"/>
  <system-out/>
  <testcase classname="testNGbasics.DataDrivenTesting" name="negativeSearchFunctionalityUsingSearchBtn" time="12.310"/>
  <system-out/>
  <testcase classname="testNGbasics.DataDrivenTesting" name="negativeSearchFunctionalityUsingSearchBtn" time="13.375"/>
  <system-out/>
  <testcase classname="testNGbasics.DataDrivenTesting" name="negativeSearchFunctionalityUsingEnterKey" time="19.049"/>
  <system-out/>
  <testcase classname="testNGbasics.DataDrivenTesting" name="negativeSearchFunctionalityUsingEnterKey" time="17.436"/>
  <system-out/>
  <testcase classname="testNGbasics.DataDrivenTesting" name="negativeSearchFunctionalityUsingEnterKey" time="12.507"/>
  <system-out/>
</testsuite> <!-- testNGbasics.DataDrivenTesting -->
